{"total": {"lines":{"total":388,"covered":357,"skipped":0,"pct":92.01},"statements":{"total":434,"covered":389,"skipped":0,"pct":89.63},"functions":{"total":133,"covered":116,"skipped":0,"pct":87.21},"branches":{"total":222,"covered":182,"skipped":0,"pct":81.98},"branchesTrue":{"total":0,"covered":0,"skipped":0,"pct":100}}
,"/Users/holme2/code/paper-presenter/src/editor/EditorPdfPanel.tsx": {"lines":{"total":14,"covered":14,"skipped":0,"pct":100},"functions":{"total":3,"covered":3,"skipped":0,"pct":100},"statements":{"total":15,"covered":15,"skipped":0,"pct":100},"branches":{"total":8,"covered":8,"skipped":0,"pct":100}}
,"/Users/holme2/code/paper-presenter/src/editor/EditorShell.tsx": {"lines":{"total":29,"covered":27,"skipped":0,"pct":93.1},"functions":{"total":11,"covered":8,"skipped":0,"pct":72.72},"statements":{"total":33,"covered":30,"skipped":0,"pct":90.9},"branches":{"total":11,"covered":8,"skipped":0,"pct":72.72}}
,"/Users/holme2/code/paper-presenter/src/editor/EditorToolbar.tsx": {"lines":{"total":19,"covered":13,"skipped":0,"pct":68.42},"functions":{"total":8,"covered":5,"skipped":0,"pct":62.5},"statements":{"total":20,"covered":14,"skipped":0,"pct":70},"branches":{"total":10,"covered":8,"skipped":0,"pct":80}}
,"/Users/holme2/code/paper-presenter/src/editor/HighlightSelectionTip.tsx": {"lines":{"total":9,"covered":9,"skipped":0,"pct":100},"functions":{"total":6,"covered":6,"skipped":0,"pct":100},"statements":{"total":10,"covered":10,"skipped":0,"pct":100},"branches":{"total":8,"covered":8,"skipped":0,"pct":100}}
,"/Users/holme2/code/paper-presenter/src/editor/WaypointEditor.tsx": {"lines":{"total":45,"covered":38,"skipped":0,"pct":84.44},"functions":{"total":16,"covered":11,"skipped":0,"pct":68.75},"statements":{"total":47,"covered":40,"skipped":0,"pct":85.1},"branches":{"total":31,"covered":27,"skipped":0,"pct":87.09}}
,"/Users/holme2/code/paper-presenter/src/editor/WaypointItem.tsx": {"lines":{"total":5,"covered":5,"skipped":0,"pct":100},"functions":{"total":2,"covered":2,"skipped":0,"pct":100},"statements":{"total":5,"covered":5,"skipped":0,"pct":100},"branches":{"total":8,"covered":7,"skipped":0,"pct":87.5}}
,"/Users/holme2/code/paper-presenter/src/editor/WaypointList.tsx": {"lines":{"total":25,"covered":16,"skipped":0,"pct":64},"functions":{"total":10,"covered":7,"skipped":0,"pct":70},"statements":{"total":29,"covered":16,"skipped":0,"pct":55.17},"branches":{"total":16,"covered":5,"skipped":0,"pct":31.25}}
,"/Users/holme2/code/paper-presenter/src/lib/ToastContext.tsx": {"lines":{"total":25,"covered":25,"skipped":0,"pct":100},"functions":{"total":12,"covered":12,"skipped":0,"pct":100},"statements":{"total":31,"covered":31,"skipped":0,"pct":100},"branches":{"total":7,"covered":6,"skipped":0,"pct":85.71}}
,"/Users/holme2/code/paper-presenter/src/presenter/MarkdownRenderer.tsx": {"lines":{"total":12,"covered":9,"skipped":0,"pct":75},"functions":{"total":3,"covered":2,"skipped":0,"pct":66.66},"statements":{"total":13,"covered":10,"skipped":0,"pct":76.92},"branches":{"total":4,"covered":0,"skipped":0,"pct":0}}
,"/Users/holme2/code/paper-presenter/src/presenter/PresenterPdfView.tsx": {"lines":{"total":1,"covered":0,"skipped":0,"pct":0},"functions":{"total":1,"covered":0,"skipped":0,"pct":0},"statements":{"total":1,"covered":0,"skipped":0,"pct":0},"branches":{"total":0,"covered":0,"skipped":0,"pct":100}}
,"/Users/holme2/code/paper-presenter/src/presenter/PresenterShell.tsx": {"lines":{"total":41,"covered":41,"skipped":0,"pct":100},"functions":{"total":14,"covered":13,"skipped":0,"pct":92.85},"statements":{"total":51,"covered":44,"skipped":0,"pct":86.27},"branches":{"total":26,"covered":20,"skipped":0,"pct":76.92}}
,"/Users/holme2/code/paper-presenter/src/presenter/PresenterSidebar.tsx": {"lines":{"total":1,"covered":1,"skipped":0,"pct":100},"functions":{"total":1,"covered":1,"skipped":0,"pct":100},"statements":{"total":1,"covered":1,"skipped":0,"pct":100},"branches":{"total":2,"covered":2,"skipped":0,"pct":100}}
,"/Users/holme2/code/paper-presenter/src/presenter/ProgressBar.tsx": {"lines":{"total":2,"covered":2,"skipped":0,"pct":100},"functions":{"total":1,"covered":1,"skipped":0,"pct":100},"statements":{"total":2,"covered":2,"skipped":0,"pct":100},"branches":{"total":2,"covered":2,"skipped":0,"pct":100}}
,"/Users/holme2/code/paper-presenter/src/presenter/use-keyboard-nav.ts": {"lines":{"total":20,"covered":20,"skipped":0,"pct":100},"functions":{"total":9,"covered":9,"skipped":0,"pct":100},"statements":{"total":25,"covered":25,"skipped":0,"pct":100},"branches":{"total":15,"covered":15,"skipped":0,"pct":100}}
,"/Users/holme2/code/paper-presenter/src/state/ProjectContext.tsx": {"lines":{"total":68,"covered":65,"skipped":0,"pct":95.58},"functions":{"total":10,"covered":10,"skipped":0,"pct":100},"statements":{"total":75,"covered":70,"skipped":0,"pct":93.33},"branches":{"total":28,"covered":23,"skipped":0,"pct":82.14}}
,"/Users/holme2/code/paper-presenter/src/state/asset-url.ts": {"lines":{"total":1,"covered":1,"skipped":0,"pct":100},"functions":{"total":1,"covered":1,"skipped":0,"pct":100},"statements":{"total":1,"covered":1,"skipped":0,"pct":100},"branches":{"total":0,"covered":0,"skipped":0,"pct":100}}
,"/Users/holme2/code/paper-presenter/src/state/event-bridge.ts": {"lines":{"total":12,"covered":12,"skipped":0,"pct":100},"functions":{"total":12,"covered":12,"skipped":0,"pct":100},"statements":{"total":12,"covered":12,"skipped":0,"pct":100},"branches":{"total":0,"covered":0,"skipped":0,"pct":100}}
,"/Users/holme2/code/paper-presenter/src/state/file-io.ts": {"lines":{"total":32,"covered":32,"skipped":0,"pct":100},"functions":{"total":5,"covered":5,"skipped":0,"pct":100},"statements":{"total":36,"covered":36,"skipped":0,"pct":100},"branches":{"total":28,"covered":26,"skipped":0,"pct":92.85}}
,"/Users/holme2/code/paper-presenter/src/state/project-reducer.ts": {"lines":{"total":24,"covered":24,"skipped":0,"pct":100},"functions":{"total":8,"covered":8,"skipped":0,"pct":100},"statements":{"total":24,"covered":24,"skipped":0,"pct":100},"branches":{"total":18,"covered":17,"skipped":0,"pct":94.44}}
,"/Users/holme2/code/paper-presenter/src/types/events.ts": {"lines":{"total":1,"covered":1,"skipped":0,"pct":100},"functions":{"total":0,"covered":0,"skipped":0,"pct":100},"statements":{"total":1,"covered":1,"skipped":0,"pct":100},"branches":{"total":0,"covered":0,"skipped":0,"pct":100}}
,"/Users/holme2/code/paper-presenter/src/types/index.ts": {"lines":{"total":0,"covered":0,"skipped":0,"pct":100},"functions":{"total":0,"covered":0,"skipped":0,"pct":100},"statements":{"total":0,"covered":0,"skipped":0,"pct":100},"branches":{"total":0,"covered":0,"skipped":0,"pct":100}}
,"/Users/holme2/code/paper-presenter/src/types/project.ts": {"lines":{"total":2,"covered":2,"skipped":0,"pct":100},"functions":{"total":0,"covered":0,"skipped":0,"pct":100},"statements":{"total":2,"covered":2,"skipped":0,"pct":100},"branches":{"total":0,"covered":0,"skipped":0,"pct":100}}
}
