{"total": {"lines":{"total":518,"covered":514,"skipped":0,"pct":99.22},"statements":{"total":590,"covered":581,"skipped":0,"pct":98.47},"functions":{"total":161,"covered":155,"skipped":0,"pct":96.27},"branches":{"total":317,"covered":304,"skipped":0,"pct":95.89},"branchesTrue":{"total":0,"covered":0,"skipped":0,"pct":100}}
,"C:\\GitHub\\paper-presenter\\src\\editor\\EditorPdfPanel.tsx": {"lines":{"total":46,"covered":42,"skipped":0,"pct":91.3},"functions":{"total":10,"covered":7,"skipped":0,"pct":70},"statements":{"total":49,"covered":45,"skipped":0,"pct":91.83},"branches":{"total":20,"covered":17,"skipped":0,"pct":85}}
,"C:\\GitHub\\paper-presenter\\src\\editor\\EditorShell.tsx": {"lines":{"total":41,"covered":41,"skipped":0,"pct":100},"functions":{"total":16,"covered":14,"skipped":0,"pct":87.5},"statements":{"total":46,"covered":44,"skipped":0,"pct":95.65},"branches":{"total":15,"covered":13,"skipped":0,"pct":86.66}}
,"C:\\GitHub\\paper-presenter\\src\\editor\\EditorToolbar.tsx": {"lines":{"total":19,"covered":19,"skipped":0,"pct":100},"functions":{"total":8,"covered":7,"skipped":0,"pct":87.5},"statements":{"total":20,"covered":20,"skipped":0,"pct":100},"branches":{"total":10,"covered":10,"skipped":0,"pct":100}}
,"C:\\GitHub\\paper-presenter\\src\\editor\\HighlightEditTip.tsx": {"lines":{"total":8,"covered":8,"skipped":0,"pct":100},"functions":{"total":5,"covered":5,"skipped":0,"pct":100},"statements":{"total":8,"covered":8,"skipped":0,"pct":100},"branches":{"total":2,"covered":2,"skipped":0,"pct":100}}
,"C:\\GitHub\\paper-presenter\\src\\editor\\HighlightSelectionTip.tsx": {"lines":{"total":9,"covered":9,"skipped":0,"pct":100},"functions":{"total":6,"covered":6,"skipped":0,"pct":100},"statements":{"total":10,"covered":10,"skipped":0,"pct":100},"branches":{"total":8,"covered":8,"skipped":0,"pct":100}}
,"C:\\GitHub\\paper-presenter\\src\\editor\\PresenterConsole.tsx": {"lines":{"total":19,"covered":19,"skipped":0,"pct":100},"functions":{"total":10,"covered":10,"skipped":0,"pct":100},"statements":{"total":25,"covered":25,"skipped":0,"pct":100},"branches":{"total":18,"covered":18,"skipped":0,"pct":100}}
,"C:\\GitHub\\paper-presenter\\src\\editor\\WaypointEditor.tsx": {"lines":{"total":45,"covered":45,"skipped":0,"pct":100},"functions":{"total":16,"covered":16,"skipped":0,"pct":100},"statements":{"total":47,"covered":47,"skipped":0,"pct":100},"branches":{"total":31,"covered":30,"skipped":0,"pct":96.77}}
,"C:\\GitHub\\paper-presenter\\src\\editor\\WaypointItem.tsx": {"lines":{"total":5,"covered":5,"skipped":0,"pct":100},"functions":{"total":2,"covered":2,"skipped":0,"pct":100},"statements":{"total":5,"covered":5,"skipped":0,"pct":100},"branches":{"total":8,"covered":7,"skipped":0,"pct":87.5}}
,"C:\\GitHub\\paper-presenter\\src\\editor\\WaypointList.tsx": {"lines":{"total":25,"covered":25,"skipped":0,"pct":100},"functions":{"total":10,"covered":10,"skipped":0,"pct":100},"statements":{"total":29,"covered":29,"skipped":0,"pct":100},"branches":{"total":16,"covered":15,"skipped":0,"pct":93.75}}
,"C:\\GitHub\\paper-presenter\\src\\editor\\console-timing.ts": {"lines":{"total":17,"covered":17,"skipped":0,"pct":100},"functions":{"total":5,"covered":5,"skipped":0,"pct":100},"statements":{"total":22,"covered":22,"skipped":0,"pct":100},"branches":{"total":12,"covered":12,"skipped":0,"pct":100}}
,"C:\\GitHub\\paper-presenter\\src\\lib\\ToastContext.tsx": {"lines":{"total":25,"covered":25,"skipped":0,"pct":100},"functions":{"total":12,"covered":12,"skipped":0,"pct":100},"statements":{"total":31,"covered":31,"skipped":0,"pct":100},"branches":{"total":7,"covered":6,"skipped":0,"pct":85.71}}
,"C:\\GitHub\\paper-presenter\\src\\lib\\highlight-view.ts": {"lines":{"total":12,"covered":12,"skipped":0,"pct":100},"functions":{"total":2,"covered":2,"skipped":0,"pct":100},"statements":{"total":16,"covered":16,"skipped":0,"pct":100},"branches":{"total":13,"covered":13,"skipped":0,"pct":100}}
,"C:\\GitHub\\paper-presenter\\src\\lib\\snap-to-word.ts": {"lines":{"total":38,"covered":38,"skipped":0,"pct":100},"functions":{"total":6,"covered":6,"skipped":0,"pct":100},"statements":{"total":46,"covered":46,"skipped":0,"pct":100},"branches":{"total":34,"covered":34,"skipped":0,"pct":100}}
,"C:\\GitHub\\paper-presenter\\src\\presenter\\MarkdownRenderer.tsx": {"lines":{"total":12,"covered":12,"skipped":0,"pct":100},"functions":{"total":3,"covered":3,"skipped":0,"pct":100},"statements":{"total":13,"covered":13,"skipped":0,"pct":100},"branches":{"total":4,"covered":4,"skipped":0,"pct":100}}
,"C:\\GitHub\\paper-presenter\\src\\presenter\\PresenterShell.tsx": {"lines":{"total":47,"covered":47,"skipped":0,"pct":100},"functions":{"total":16,"covered":16,"skipped":0,"pct":100},"statements":{"total":57,"covered":55,"skipped":0,"pct":96.49},"branches":{"total":26,"covered":24,"skipped":0,"pct":92.3}}
,"C:\\GitHub\\paper-presenter\\src\\presenter\\PresenterSidebar.tsx": {"lines":{"total":1,"covered":1,"skipped":0,"pct":100},"functions":{"total":1,"covered":1,"skipped":0,"pct":100},"statements":{"total":1,"covered":1,"skipped":0,"pct":100},"branches":{"total":2,"covered":2,"skipped":0,"pct":100}}
,"C:\\GitHub\\paper-presenter\\src\\presenter\\ProgressBar.tsx": {"lines":{"total":2,"covered":2,"skipped":0,"pct":100},"functions":{"total":1,"covered":1,"skipped":0,"pct":100},"statements":{"total":2,"covered":2,"skipped":0,"pct":100},"branches":{"total":2,"covered":2,"skipped":0,"pct":100}}
,"C:\\GitHub\\paper-presenter\\src\\presenter\\use-keyboard-nav.ts": {"lines":{"total":20,"covered":20,"skipped":0,"pct":100},"functions":{"total":9,"covered":9,"skipped":0,"pct":100},"statements":{"total":25,"covered":25,"skipped":0,"pct":100},"branches":{"total":15,"covered":15,"skipped":0,"pct":100}}
,"C:\\GitHub\\paper-presenter\\src\\state\\ProjectContext.tsx": {"lines":{"total":68,"covered":68,"skipped":0,"pct":100},"functions":{"total":10,"covered":10,"skipped":0,"pct":100},"statements":{"total":75,"covered":74,"skipped":0,"pct":98.66},"branches":{"total":28,"covered":26,"skipped":0,"pct":92.85}}
,"C:\\GitHub\\paper-presenter\\src\\state\\file-io.ts": {"lines":{"total":32,"covered":32,"skipped":0,"pct":100},"functions":{"total":5,"covered":5,"skipped":0,"pct":100},"statements":{"total":36,"covered":36,"skipped":0,"pct":100},"branches":{"total":28,"covered":28,"skipped":0,"pct":100}}
,"C:\\GitHub\\paper-presenter\\src\\state\\project-reducer.ts": {"lines":{"total":24,"covered":24,"skipped":0,"pct":100},"functions":{"total":8,"covered":8,"skipped":0,"pct":100},"statements":{"total":24,"covered":24,"skipped":0,"pct":100},"branches":{"total":18,"covered":18,"skipped":0,"pct":100}}
,"C:\\GitHub\\paper-presenter\\src\\types\\events.ts": {"lines":{"total":1,"covered":1,"skipped":0,"pct":100},"functions":{"total":0,"covered":0,"skipped":0,"pct":100},"statements":{"total":1,"covered":1,"skipped":0,"pct":100},"branches":{"total":0,"covered":0,"skipped":0,"pct":100}}
,"C:\\GitHub\\paper-presenter\\src\\types\\project.ts": {"lines":{"total":2,"covered":2,"skipped":0,"pct":100},"functions":{"total":0,"covered":0,"skipped":0,"pct":100},"statements":{"total":2,"covered":2,"skipped":0,"pct":100},"branches":{"total":0,"covered":0,"skipped":0,"pct":100}}
}
